Base path: D:/Editor/Data
Pipe name: \\.\pipe\UnityShaderCompiler-3-6608
Cmd: getPlatforms
Cmd: compileSnippet
  api=9 type=1 insize=1770 outsize=7 kw= ok=1
Cmd: compileSnippet
  api=5 type=1 insize=1381 outsize=6 kw= ok=1
Cmd: compileSnippet
  api=9 type=0 insize=2301 outsize=2366 kw= ok=1
Cmd: compileSnippet
  api=9 type=0 insize=2154 outsize=2151 kw= ok=1
Cmd: compileSnippet
  api=9 type=0 insize=2219 outsize=2311 kw= ok=1
Cmd: compileSnippet
  api=9 type=1 insize=1852 outsize=7 kw= ok=1
Cmd: compileSnippet
  api=9 type=1 insize=924 outsize=7 kw= ok=1
Cmd: compileSnippet
  api=9 type=0 insize=2137 outsize=2173 kw= ok=1
Cmd: compileSnippet
  api=9 type=1 insize=1060 outsize=7 kw= ok=1
Cmd: compileSnippet
  api=9 type=0 insize=1934 outsize=1843 kw= ok=1
Cmd: compileSnippet
  api=9 type=0 insize=1237 outsize=1132 kw= ok=1
Cmd: compileSnippet
  api=5 type=1 insize=1237 outsize=6 kw= ok=1
Cmd: compileSnippet
  api=9 type=0 insize=1260 outsize=1456 kw= ok=1
Cmd: compileSnippet
  api=9 type=1 insize=1260 outsize=7 kw= ok=1
Cmd: compileSnippet
  api=9 type=0 insize=882 outsize=631 kw= ok=1
Cmd: compileSnippet
  api=9 type=0 insize=1099 outsize=1008 kw= ok=1
Cmd: compileSnippet
  api=9 type=0 insize=1051 outsize=1052 kw= ok=1
Cmd: compileSnippet
  api=9 type=0 insize=1917 outsize=1973 kw= ok=1
Unhandled exception: Readfile from pipe failed. GLE=管道已结束。


Quitting shader compiler process
